20230907	13:15:42	9549f0ca-a931-414d-9737-f507e1410485	GET	/	undefined
20230907	13:15:42	50b1e1dc-a094-480b-85ec-548e65448f64	GET	/css/style.css	undefined
20230907	13:16:25	26585b13-7d5d-4aad-acd5-6771b0ad4ac6	GET	/	undefined
20230907	13:16:25	80fd26c1-5956-4cc4-9592-800768678778	GET	/css/style.css	undefined
20230907	13:23:33	009d20d6-4851-4b78-a6ff-e8c9cd082a4a	GET	/	undefined
20230907	13:23:33	dac4838c-0fdd-4d3b-bc88-c76516e85901	GET	/css/style.css	undefined
20230911	10:39:20	109f31f1-3c73-4ea1-bf85-501f2d176d87	GET	/	undefined
20230911	10:39:20	781f2c7d-5691-491a-9e46-7c4055297c83	GET	/css/style.css	undefined
20230911	10:39:23	283dc9d4-eb1c-4bfe-a5f8-ea766044be8f	GET	/qhqdhqied	undefined
20230911	10:39:24	a4e207a7-db90-400e-85f7-795a06be93c4	GET	/css/style.css	undefined
20230911	10:39:28	2407b40a-f5ad-49d8-93f9-ae542bf6cd77	GET	/	undefined
20230911	10:39:28	97b028f2-75ee-4a7a-878c-5a86d5d3bffb	GET	/css/style.css	undefined
20230912	11:25:57	18e3f12a-3848-4d41-a07f-81dfec14f112	GET	/	undefined
20230912	11:25:57	664f8e9b-3b1e-4e4b-9af6-79dc499f8528	GET	/css/style.css	undefined
20230912	11:25:57	20a8bafd-08e5-45f9-9ce9-c1333897b90f	GET	/favicon.ico	undefined
20230912	11:26:05	2934c706-a3d8-4e1f-92f1-db16963afea8	GET	/users	undefined
20230912	11:26:05	9b2de4ea-a2b5-43b4-af8b-d259eb1d822f	GET	/css/style.css	undefined
20230912	11:26:08	6e2197c0-48da-4226-a5a3-718543ead0a1	GET	/user	undefined
20230912	11:26:08	0c33bacb-d43f-45c6-912f-78ece2263d77	GET	/css/style.css	undefined
20230912	11:26:24	10968503-d6a2-485a-a7ec-b5ba2e1fb25c	GET	/users	undefined
20230912	11:26:25	527b22f8-57f3-401f-b59b-d9604847d6d9	GET	/css/style.css	undefined
20230912	11:26:29	54b55061-ea06-4be4-8f74-cf00127cc5e5	GET	/	undefined
20230912	11:26:29	3a20a49f-0a4f-4f3d-a5fc-9d06e62392d0	GET	/css/style.css	undefined
20230912	12:30:18	0a02d424-2f25-4556-bac8-63e97f6053f4	GET	/	undefined
20230912	12:30:34	c077db9b-cd42-4132-bdc1-1b6d444e31cc	GET	/users	undefined
20230912	12:31:31	55cc32fc-2697-43ec-8961-374bed82d38c	GET	/users	undefined
20230912	12:33:57	b220762f-2317-490a-81fd-9f25a7a8b643	POST	/users	undefined
20230912	12:34:34	dc249b33-5fed-4c43-af1e-08da53914cb9	POST	/users	undefined
20230912	12:34:42	80a1297b-2f3b-45b8-a01f-f18a07a4e96b	POST	/users	undefined
20230912	12:34:56	3c42ebc7-2afa-4a12-b5d9-c5f64653b5f1	POST	/users	undefined
20230912	12:35:07	1b1e5254-f6f4-4f9a-a213-142be239163c	POST	/users	undefined
20230912	12:35:34	544b11f6-7266-4c1c-b2c4-05301ba213d9	POST	/users	undefined
20230912	12:36:05	87728178-1e24-4d0e-aef9-8235e614b57a	POST	/users	undefined
20230912	12:36:36	94f4e83c-9db2-4c93-ae69-0e2184a3df71	POST	/users	undefined
20230912	12:36:53	862043a8-76b5-47a3-8009-841ac0f6052b	POST	/users	undefined
20230912	12:39:05	829d5ace-606b-4681-a131-9ccd4300ffbb	POST	/users	undefined
20230912	12:39:33	9217402f-09fb-4204-a197-e11bed9d3b00	POST	/users	undefined
20230912	12:40:14	52996c1d-a905-4667-98af-cfb744fc1f17	POST	/users	undefined
20230912	12:40:25	0bc8c546-0940-41f8-903a-a499491a6f01	GET	/users	undefined
20230912	12:40:57	29dee718-0839-4ea5-9358-fdc2a225ba31	POST	/users	undefined
20230912	12:41:27	a4b56b68-124e-4799-ae17-7ca626088df2	POST	/users	undefined
20230912	12:41:37	3922c9bd-9ee0-4011-b651-5a8762dcf7f2	GET	/users	undefined
20230912	12:41:55	fb131605-d8c3-4e60-ae81-a3c43610af40	POST	/users	undefined
20230912	12:42:33	8054b82f-11c1-4fda-bdf3-8ebc382f4846	PATCH	/users	undefined
20230912	12:43:06	d29c2717-c594-47fe-a9ec-b3eae0f27cc3	PATCH	/users	undefined
20230912	12:43:16	d264fa11-7c76-4014-a035-4d3791de8b11	PATCH	/users	undefined
20230912	12:43:45	8ca0f4fe-7c69-47f5-97e3-c5cb8c77344d	PATCH	/users	undefined
20230912	12:44:05	934c1c1d-c34d-4ccc-ba20-0fc2d3cce7d7	GET	/users	undefined
20230912	12:44:31	cda9b4ea-6b31-4616-bbf4-4d2556e9b86b	PATCH	/users	undefined
20230912	12:44:41	90b47778-c148-481d-8490-57e2b1e8c09b	PATCH	/users	undefined
20230912	12:47:02	16a4f3df-1735-4feb-b130-1f35be8820c4	GET	/users	undefined
20230912	12:47:35	0f8978d7-5d1c-40d1-9f9e-9e4b205213f3	PATCH	/users	undefined
20230912	12:48:11	5d0b0663-a92e-4c69-990c-6303b6272694	PATCH	/users	undefined
20230912	12:48:12	8dbf61a4-9e83-444e-b88e-245c07fd9bc0	PATCH	/users	undefined
20230912	12:48:14	eb252ebd-82e8-4e39-a7d5-3916e382f226	PATCH	/users	undefined
20230912	12:49:14	f99caa34-d0b6-4d6e-962f-c4fe5ab6b9f3	PATCH	/users	undefined
20230912	12:49:16	41164d2b-5b01-40ce-8b17-55e6745ee109	PATCH	/users	undefined
20230912	12:52:49	5db0b6a7-fab4-4b22-86db-1d2e75452dec	POST	/users	undefined
20230912	12:52:55	f5818c6a-4c8a-494c-b102-4f1da9518c0b	GET	/users	undefined
20230912	12:53:16	393c3172-9f9a-4891-96dd-063c21ea209c	DELETE	/users	undefined
20230912	12:53:24	b7ff48a1-5a24-471e-be94-420d99bc3ae4	GET	/users	undefined
20230912	12:53:45	54c124af-d575-4ccb-9c91-8b5e96e47390	PATCH	/users	undefined
20230912	12:54:00	a6fe6ca6-e64d-4f30-9642-ceef314754cd	PATCH	/users	undefined
20230912	12:54:07	da0d2889-c2c2-48f0-8695-6171844c2db8	DELETE	/users	undefined
20230912	12:54:18	bb64c382-f909-4174-b6d1-4f074c2e7dac	DELETE	/users	undefined
20230912	12:54:28	0241dd32-3832-44d3-832f-880bc58ccd87	DELETE	/users	undefined
20230912	12:54:34	942ff48f-a07d-4e22-ac16-bdf723081c76	GET	/users	undefined
20230912	12:55:23	9812bc69-9415-4704-a2d1-e6ce5bc7a0be	PATCH	/users/65001627e2021e1b427bea90	undefined
20230912	12:55:30	44956084-2a6a-4776-b28d-3f84b3ffd696	PATCH	/users/	undefined
20230912	12:55:49	6a05f392-383b-4f2b-b50e-7a73baaef087	PATCH	/users/	undefined
20230912	12:56:09	23bd87db-e59e-4ac6-9ac1-bed6defc29ad	PATCH	/users/	undefined
20230912	12:56:16	5a86a35b-28b4-46a5-9e16-9c6794374763	GET	/users/	undefined
20230912	12:56:33	07ac8d19-0c47-418a-9ff3-c389673b0ef6	PATCH	/users/	undefined
20230912	12:56:42	816639c1-9112-42f1-902a-07080ad11fd7	GET	/users/	undefined
20230912	12:58:25	88136c43-002c-4669-8c70-07723c312ffe	POST	/users/	undefined
20230912	12:58:51	66c6af11-732b-42fa-95ce-b6a5627a6f30	POST	/users/	undefined
20230912	12:59:08	537b1b60-0d31-4320-946e-014b2442442e	POST	/users/	undefined
20230912	12:59:17	8eea659b-ae2d-4512-b0f5-d8d059d8c173	GET	/users/	undefined
20230912	12:59:49	96111868-0d24-4bae-9799-834a32be1b07	PATCH	/users/	undefined
20230912	13:00:00	0d7ef835-408e-46a7-aa36-55821a452b8f	PATCH	/users/	undefined
20230912	13:00:08	ede0132e-cb07-46c0-8b3c-d1a85da0bb6e	GET	/users/	undefined
20230912	13:00:34	ceed46cb-0894-4ca6-b0f9-a73a6bc70931	PATCH	/users/	undefined
20230912	13:00:41	ad709cfa-9412-42d4-89c2-a1bb88aea00b	PATCH	/users/	undefined
20230912	13:00:49	e8705dfa-6e59-467a-b69b-dca930335837	PATCH	/users/	undefined
20230912	13:00:55	f7be4146-ae8f-47ba-9b0a-d6e666d9b241	PATCH	/users/	undefined
20230912	13:01:37	360bfe93-b3a4-475c-afea-3710454494a5	GET	/users/	undefined
20230912	13:01:52	9fbb71b2-b3d7-48c6-823c-f1ae16955a79	PATCH	/users/	undefined
20230912	13:02:01	63ba7249-55d6-4ac1-bb72-5d32598856e2	PATCH	/users/	undefined
20230912	13:02:09	dbcedfb6-cd8e-4277-9d73-d920175f1ab2	PATCH	/users/	undefined
20230912	13:02:15	3d4193c3-0834-456a-8873-fde1539eb7c8	GET	/users/	undefined
20230912	13:02:51	a7c7d468-33f6-4d1c-8004-b724e7809e0c	DELETE	/users/	undefined
20230912	13:03:06	d0a7af74-8e19-4171-a5c8-dd4c086f9cfc	DELETE	/users/	undefined
20230912	13:03:13	0fbd516b-ed8e-4ad5-8ab7-8119f7f7d3d3	GET	/users/	undefined
20230912	13:05:22	f5f75d6a-6709-4a85-bc3a-361f3eb7c6a9	DELETE	/users/	undefined
20230912	13:31:10	37df5237-d593-4984-b7d8-73a4e3b1d6f8	DELETE	/notes	undefined
20230912	13:33:08	5e17f55d-c4b5-45cc-99b0-271bc36f1aae	POST	/notes	undefined
20230912	13:33:26	8ac2c482-ea99-4e1b-9ec9-37914a74c58c	POST	/notes	undefined
20230912	13:35:48	af39ce56-95f7-4691-91b8-f36badbf0241	POST	/notes	undefined
20230912	13:35:49	db6672da-33ab-4587-8fc6-44b73db86aa1	POST	/notes	undefined
20230912	13:35:50	df49cd65-c607-41ac-98ed-4ba91f5f00be	POST	/notes	undefined
20230912	13:35:51	e62a34f8-17b9-448b-a710-f2637e8e6b84	POST	/notes	undefined
20230912	13:35:51	852817ad-6a2a-42d7-b0b2-b8cf1d8c61fc	POST	/notes	undefined
20230912	13:35:52	043725b9-3004-475f-8bd3-4944af135919	POST	/notes	undefined
20230912	13:35:53	aaa2bd22-99e8-44e5-bb95-42789c481208	POST	/notes	undefined
20230912	13:35:54	7a39e911-25bb-4c29-b344-b5dda57cf3bd	POST	/notes	undefined
20230912	13:35:54	82387249-5269-43bf-a677-ac5105779795	POST	/notes	undefined
20230912	13:35:55	0dd3d2c6-df82-403c-81f5-a624e29f2df5	POST	/notes	undefined
20230912	13:35:56	abf761f3-7ca4-412b-aacc-be40344004e8	POST	/notes	undefined
20230912	13:35:56	e231c05c-d54e-405d-8ea3-e7ec1ce81dd8	POST	/notes	undefined
20230912	13:35:57	b2153933-9fc8-4fab-8597-e961b97705a1	POST	/notes	undefined
20230912	13:35:58	5822e960-f0dd-4384-9edb-ca45483e66de	POST	/notes	undefined
20230912	13:36:12	134de695-8cf2-40d5-9d1b-895af7fa514c	POST	/notes	undefined
20230912	13:36:14	325319c1-3cb0-4b7d-a557-a6399dc3475c	POST	/notes	undefined
20230912	13:37:42	3acddc97-3610-4586-88d9-e32535e03c5c	GET	/notes	undefined
20230912	13:37:48	c5859a09-0eff-4670-8bfd-e389aba4a0c4	POST	/notes	undefined
20230912	13:38:27	932b2198-9c76-4f07-9915-319a5071f467	POST	/notes	undefined
20230912	13:38:34	5e0e1879-ee5c-40b6-b953-a225875ff8bc	POST	/notes	undefined
20230912	13:38:43	5823a650-d66e-4303-9194-94632a9b755d	POST	/notes	undefined
20230912	13:39:01	cdcd48dd-7721-4865-a0d1-db13fe69fe39	POST	/notes	undefined
20230912	13:39:25	98449ea7-a58c-4a26-bb5b-2d6a3b64fa31	GET	/users	undefined
20230912	13:39:32	b2975714-5031-4af9-bfa6-f249b204c6b8	GET	/notes	undefined
20230912	13:39:39	19cdfaa1-71cc-486e-8bc4-c6ef8b3b0d2a	POST	/notes	undefined
20230912	13:41:12	c52a397b-5d21-4b50-bd0f-045b2b1b790f	POST	/notes	undefined
20230912	13:41:14	78d8e813-62b9-4d20-834d-c6e3c76c1d5e	POST	/notes	undefined
20230912	13:41:15	316241af-ecd9-41d5-9512-123f32865a31	POST	/notes	undefined
20230912	13:41:17	5a378c57-0c43-4c31-9782-370b1f1c8a3c	POST	/notes	undefined
20230912	13:41:22	0f643636-664d-4771-8132-63039c76055f	POST	/notes	undefined
20230912	13:42:34	afd5dadb-5879-43cb-a463-772236ad4941	GET	/notes	undefined
20230912	13:42:40	5ac9605c-e8f7-48db-80d5-76add4b02e76	POST	/notes	undefined
20230912	13:45:54	345fe88c-1bd3-48f3-b91a-cbe5a1dce904	GET	/notes	undefined
20230912	13:46:01	4c925aba-1a41-4846-9010-05b4406497e4	POST	/notes	undefined
20230912	13:46:53	3a12f6d3-ca1a-41f0-970d-7e1461714c5e	POST	/notes	undefined
20230912	13:48:15	ccd7f6ff-01e9-4981-924b-a4fde1670a16	POST	/notes	undefined
20230912	13:48:25	7eb1ef15-e854-44ab-bf46-445fd7ae811b	POST	/notes	undefined
20230912	13:48:43	a2c49d74-6d4c-4acb-a81d-5614b016b411	GET	/notes	undefined
20230912	13:49:06	4ee05e70-b0c1-46c7-83b1-0ce6e5d8ab04	POST	/notes	undefined
20230912	13:49:54	efd6844d-6aec-4d65-aa60-315000dc8915	POST	/notes	undefined
20230912	13:51:37	2b2fbdd3-0d4c-4db2-8f5e-bc313fb94226	POST	/users	undefined
20230912	13:51:40	0b1e8e75-b1ce-48d2-9623-9d3f7002daf9	GET	/users	undefined
20230912	13:51:55	47a4dafb-e0da-4a1a-95d3-822dd26db831	POST	/notes	undefined
20230912	13:53:04	6c750a0b-1bec-43fa-a33f-aeaadc2ec957	POST	/notes	undefined
20230912	14:04:17	636e3696-d698-436b-990e-6a6e7cab7931	POST	/notes	undefined
20230912	14:04:29	ca91c659-c7a2-4b72-badd-f1c31719dbd3	POST	/notes	undefined
20230912	14:04:31	a70a4453-21c4-4be3-9763-75698fc8e938	POST	/notes	undefined
20230912	14:04:32	f97820db-631e-467a-873e-b90c4173cdec	POST	/notes	undefined
20230912	14:04:33	2fe776cc-2e60-4789-8c1d-14d3e97b1a6f	POST	/notes	undefined
20230912	14:04:50	51664c70-720e-4e5e-846e-85736e0b450d	POST	/notes	undefined
20230912	14:05:05	88e1f764-7054-4e6b-b155-0f48deea78f9	POST	/notes	undefined
20230912	14:05:06	653698f0-208d-4a56-9c3a-2aaa88e4537f	POST	/notes	undefined
20230912	15:14:58	c598d2ec-b1ac-4c8a-8bd3-b477c91c3f8f	POST	/notes	undefined
20230912	15:20:22	3e581749-28cc-47eb-86ff-bc927c374862	POST	/notes	undefined
20230912	15:20:37	f266dadc-a5fb-45e5-96a7-79cbb55d46da	POST	/notes	undefined
20230912	15:20:47	36bfa6b9-bc2f-4de4-88ea-c9b5682312f9	POST	/notes	undefined
20230912	15:24:16	18ac584c-9244-45ec-aed9-baec7d3c072a	POST	/notes	undefined
20230912	15:31:39	c1e05416-31fc-4f0f-bec6-791ac122e674	GET	/notes	undefined
20230912	15:31:52	52cfae52-41e1-49ef-8e30-2627962c8052	GET	/notes	undefined
20230912	15:32:52	3aa9bd99-465b-4281-a9ac-89c7f959df47	GET	/notes	undefined
20230912	15:33:18	ad21e952-df1a-4ab2-9e9a-70ba7872d787	GET	/notes	undefined
20230912	15:34:26	11aa7ec3-fe32-40de-80d8-acb665721dee	GET	/notes	undefined
20230912	15:34:36	dec43158-e85e-4776-b6c2-46feba7f237b	DELETE	/notes	undefined
20230912	15:34:42	8aace973-a523-41b0-9ad2-21c252314d83	PATCH	/notes	undefined
20230912	15:34:51	6146b6dd-1555-4f5b-bd53-a63b5a7828b2	GET	/notes	undefined
20230912	15:45:32	183d9d60-acfc-4076-a6a2-e208750f5248	GET	/notes	undefined
20230912	15:49:12	6f0e6587-07f1-4e7c-88ee-349f745e4d94	POST	/notes	undefined
20230912	15:51:39	d191d343-948d-4648-8935-42a454ca1067	POST	/notes	undefined
20230912	15:53:08	942130bf-9ca1-413d-9aa2-be56562a0034	GET	/notes	undefined
20230912	15:53:14	58a5469f-4ba2-44d1-b96a-f46284f35cad	POST	/notes	undefined
20230912	15:58:13	d53defaa-9dc5-493c-aa4f-114a886b8277	POST	/users/	undefined
20230912	15:58:26	406ec4e3-616b-4edc-b2a4-ac9b9f1541eb	GET	/users/	undefined
20230912	16:02:07	8463e93c-056a-49a2-9534-c5590bae38b2	POST	/notes	undefined
20230912	16:04:05	812c0b97-e133-412f-84e5-41e0a4e15022	POST	/notes	undefined
20230912	16:14:01	c59e2736-7aec-427e-a106-e4976b20efc4	PATCH	/notes	undefined
20230912	16:15:13	31367aa8-6a01-41fd-97b1-1fae21c94134	GET	/notes	undefined
20230912	16:15:38	3834a3a8-a408-485c-9e63-646ccfd71eb5	GET	/notes	undefined
20230912	16:17:28	06f4a168-f6f8-4d81-8b8b-6fefedc19f11	GET	/notes	undefined
20230912	16:18:26	0659b608-f78b-441d-be9e-47416729c202	GET	/notes	undefined
20230912	16:18:56	f3f9340e-54ea-4259-9d86-f91f2171f187	GET	/notes	undefined
20230912	16:49:43	f04f8d93-f2e8-48ef-bb80-c134730548e3	GET	/notes	undefined
20230912	16:59:04	bcf487aa-775a-4702-8b59-4b1580dfe66a	GET	/users	undefined
